This is XeTeX, Version 3.141592653-2.6-0.999997 (TeX Live 2025) (preloaded format=xelatex 2025.12.4)  20 JAN 2026 21:30
entering extended mode
 restricted \write18 enabled.
 file:line:error style messages enabled.
 %&-line parsing enabled.
**c:/Users/17934/Desktop/MCM/latex_model/MCM
(c:/Users/17934/Desktop/MCM/latex_model/MCM.tex
LaTeX2e <2024-11-01> patch level 2
L3 programming layer <2025-01-18>
(c:/texlive/2025/texmf-dist/tex/latex/base/article.cls
Document Class: article 2024/06/29 v1.4n Standard LaTeX document class
(c:/texlive/2025/texmf-dist/tex/latex/base/size12.clo
File: size12.clo 2024/06/29 v1.4n Standard LaTeX file (size option)
)
\c@part=\count192
\c@section=\count193
\c@subsection=\count194
\c@subsubsection=\count195
\c@paragraph=\count196
\c@subparagraph=\count197
\c@figure=\count198
\c@table=\count199
\abovecaptionskip=\skip49
\belowcaptionskip=\skip50
\bibindent=\dimen141
) (c:/texlive/2025/texmf-dist/tex/latex/lastpage/lastpage.sty
Package: lastpage 2025/01/27 v2.1e lastpage: 2.09 or 2e? (HMM)
 (c:/texlive/2025/texmf-dist/tex/latex/lastpage/lastpage2e.sty
Package: lastpage2e 2025/01/27 v2.1e Decide which 2e lastpage version to use (HMM)
 (c:/texlive/2025/texmf-dist/tex/latex/lastpage/lastpagemodern.sty
Package: lastpagemodern 2025-01-27 v2.1e Refers to last page's name (HMM; JPG)
\c@lastpagecount=\count266
) 
)) (c:/texlive/2025/texmf-dist/tex/latex/geometry/geometry.sty
Package: geometry 2020/01/02 v5.9 Page Geometry
 (c:/texlive/2025/texmf-dist/tex/latex/graphics/keyval.sty
Package: keyval 2022/05/29 v1.15 key=value parser (DPC)
\KV@toks@=\toks17
) (c:/texlive/2025/texmf-dist/tex/generic/iftex/ifvtex.sty
Package: ifvtex 2019/10/25 v1.7 ifvtex legacy package. Use iftex instead.
 (c:/texlive/2025/texmf-dist/tex/generic/iftex/iftex.sty
Package: iftex 2024/12/12 v1.0g TeX engine tests
))
\Gm@cnth=\count267
\Gm@cntv=\count268
\c@Gm@tempcnt=\count269
\Gm@bindingoffset=\dimen142
\Gm@wd@mp=\dimen143
\Gm@odd@mp=\dimen144
\Gm@even@mp=\dimen145
\Gm@layoutwidth=\dimen146
\Gm@layoutheight=\dimen147
\Gm@layouthoffset=\dimen148
\Gm@layoutvoffset=\dimen149
\Gm@dimlist=\toks18
) (c:/texlive/2025/texmf-dist/tex/latex/graphics/graphicx.sty
Package: graphicx 2021/09/16 v1.2d Enhanced LaTeX Graphics (DPC,SPQR)
 (c:/texlive/2025/texmf-dist/tex/latex/graphics/graphics.sty
Package: graphics 2024/08/06 v1.4g Standard LaTeX Graphics (DPC,SPQR)
 (c:/texlive/2025/texmf-dist/tex/latex/graphics/trig.sty
Package: trig 2023/12/02 v1.11 sin cos tan (DPC)
) (c:/texlive/2025/texmf-dist/tex/latex/graphics-cfg/graphics.cfg
File: graphics.cfg 2016/06/04 v1.11 sample graphics configuration
)
Package graphics Info: Driver file: xetex.def on input line 106.
 (c:/texlive/2025/texmf-dist/tex/latex/graphics-def/xetex.def
File: xetex.def 2022/09/22 v5.0n Graphics/color driver for xetex
))
\Gin@req@height=\dimen150
\Gin@req@width=\dimen151
) (c:/texlive/2025/texmf-dist/tex/latex/caption/subcaption.sty
Package: subcaption 2023/07/28 v1.6b Sub-captions (AR)
 (c:/texlive/2025/texmf-dist/tex/latex/caption/caption.sty
Package: caption 2023/08/05 v3.6o Customizing captions (AR)
 (c:/texlive/2025/texmf-dist/tex/latex/caption/caption3.sty
Package: caption3 2023/07/31 v2.4d caption3 kernel (AR)
\caption@tempdima=\dimen152
\captionmargin=\dimen153
\caption@leftmargin=\dimen154
\caption@rightmargin=\dimen155
\caption@width=\dimen156
\caption@indent=\dimen157
\caption@parindent=\dimen158
\caption@hangindent=\dimen159
Package caption Info: Standard document class detected.
)
\c@caption@flags=\count270
\c@continuedfloat=\count271
)
Package caption Info: New subtype `subfigure' on input line 238.
\c@subfigure=\count272
Package caption Info: New subtype `subtable' on input line 238.
\c@subtable=\count273
) (c:/texlive/2025/texmf-dist/tex/latex/fontspec/fontspec.sty (c:/texlive/2025/texmf-dist/tex/latex/l3packages/xparse/xparse.sty (c:/texlive/2025/texmf-dist/tex/latex/l3kernel/expl3.sty
Package: expl3 2025-01-18 L3 programming layer (loader) 
 (c:/texlive/2025/texmf-dist/tex/latex/l3backend/l3backend-xetex.def
File: l3backend-xetex.def 2024-05-08 L3 backend support: XeTeX
\g__graphics_track_int=\count274
\l__pdf_internal_box=\box52
\g__pdf_backend_annotation_int=\count275
\g__pdf_backend_link_int=\count276
))
Package: xparse 2024-08-16 L3 Experimental document command parser
)
Package: fontspec 2024/05/11 v2.9e Font selection for XeLaTeX and LuaLaTeX
 (c:/texlive/2025/texmf-dist/tex/latex/fontspec/fontspec-xetex.sty
Package: fontspec-xetex 2024/05/11 v2.9e Font selection for XeLaTeX and LuaLaTeX
\l__fontspec_script_int=\count277
\l__fontspec_language_int=\count278
\l__fontspec_strnum_int=\count279
\l__fontspec_tmp_int=\count280
\l__fontspec_tmpa_int=\count281
\l__fontspec_tmpb_int=\count282
\l__fontspec_tmpc_int=\count283
\l__fontspec_em_int=\count284
\l__fontspec_emdef_int=\count285
\l__fontspec_strong_int=\count286
\l__fontspec_strongdef_int=\count287
\l__fontspec_tmpa_dim=\dimen160
\l__fontspec_tmpb_dim=\dimen161
\l__fontspec_tmpc_dim=\dimen162
 (c:/texlive/2025/texmf-dist/tex/latex/base/fontenc.sty
Package: fontenc 2021/04/29 v2.0v Standard LaTeX package
) (c:/texlive/2025/texmf-dist/tex/latex/fontspec/fontspec.cfg)))

Package fontspec Info: 
(fontspec)             Font family 'TimesNewRoman(0)' created for font 'Times
(fontspec)             New Roman' with options [Ligatures=TeX].
(fontspec)              
(fontspec)              This font family consists of the following NFSS
(fontspec)             series/shapes:
(fontspec)              
(fontspec)             - 'normal' (m/n) with NFSS spec.: <->"Times New
(fontspec)             Roman/OT:script=latn;language=dflt;mapping=tex-text;"
(fontspec)             - 'small caps'  (m/sc) with NFSS spec.: <->"Times New
(fontspec)             Roman/OT:script=latn;language=dflt;+smcp;mapping=tex-text;"
(fontspec)             - 'bold' (b/n) with NFSS spec.: <->"Times New
(fontspec)             Roman/B/OT:script=latn;language=dflt;mapping=tex-text;"
(fontspec)             - 'bold small caps'  (b/sc) with NFSS spec.: <->"Times
(fontspec)             New
(fontspec)             Roman/B/OT:script=latn;language=dflt;+smcp;mapping=tex-text;"
(fontspec)             - 'italic' (m/it) with NFSS spec.: <->"Times New
(fontspec)             Roman/I/OT:script=latn;language=dflt;mapping=tex-text;"
(fontspec)             - 'italic small caps'  (m/scit) with NFSS spec.:
(fontspec)             <->"Times New
(fontspec)             Roman/I/OT:script=latn;language=dflt;+smcp;mapping=tex-text;"
(fontspec)             - 'bold italic' (b/it) with NFSS spec.: <->"Times New
(fontspec)             Roman/BI/OT:script=latn;language=dflt;mapping=tex-text;"
(fontspec)             - 'bold italic small caps'  (b/scit) with NFSS spec.:
(fontspec)             <->"Times New
(fontspec)             Roman/BI/OT:script=latn;language=dflt;+smcp;mapping=tex-text;"


Package fontspec Info: 
(fontspec)             Font family 'CourierNew(0)' created for font 'Courier
(fontspec)             New' with options
(fontspec)             [WordSpace={1,0,0},HyphenChar=None,PunctuationSpace=WordSpace].
(fontspec)              
(fontspec)              This font family consists of the following NFSS
(fontspec)             series/shapes:
(fontspec)              
(fontspec)             - 'normal' (m/n) with NFSS spec.: <->"Courier
(fontspec)             New/OT:script=latn;language=dflt;"
(fontspec)             - 'bold' (b/n) with NFSS spec.: <->"Courier
(fontspec)             New/B/OT:script=latn;language=dflt;"
(fontspec)             - 'italic' (m/it) with NFSS spec.: <->"Courier
(fontspec)             New/I/OT:script=latn;language=dflt;"
(fontspec)             - 'bold italic' (b/it) with NFSS spec.: <->"Courier
(fontspec)             New/BI/OT:script=latn;language=dflt;"

 (c:/texlive/2025/texmf-dist/tex/latex/tools/longtable.sty
Package: longtable 2024-10-27 v4.22 Multi-page Table package (DPC)
\LTleft=\skip51
\LTright=\skip52
\LTpre=\skip53
\LTpost=\skip54
\LTchunksize=\count288
\LTcapwidth=\dimen163
\LT@head=\box53
\LT@firsthead=\box54
\LT@foot=\box55
\LT@lastfoot=\box56
\LT@gbox=\box57
\LT@cols=\count289
\LT@rows=\count290
\c@LT@tables=\count291
\c@LT@chunks=\count292
\LT@p@ftn=\toks19
) (c:/texlive/2025/texmf-dist/tex/latex/hyperref/hyperref.sty
Package: hyperref 2024-11-05 v7.01l Hypertext links for LaTeX
 (c:/texlive/2025/texmf-dist/tex/latex/kvsetkeys/kvsetkeys.sty
Package: kvsetkeys 2022-10-05 v1.19 Key value parser (HO)
) (c:/texlive/2025/texmf-dist/tex/generic/kvdefinekeys/kvdefinekeys.sty
Package: kvdefinekeys 2019-12-19 v1.6 Define keys (HO)
) (c:/texlive/2025/texmf-dist/tex/generic/pdfescape/pdfescape.sty
Package: pdfescape 2019/12/09 v1.15 Implements pdfTeX's escape features (HO)
 (c:/texlive/2025/texmf-dist/tex/generic/ltxcmds/ltxcmds.sty
Package: ltxcmds 2023-12-04 v1.26 LaTeX kernel commands for general use (HO)
) (c:/texlive/2025/texmf-dist/tex/generic/pdftexcmds/pdftexcmds.sty
Package: pdftexcmds 2020-06-27 v0.33 Utility functions of pdfTeX for LuaTeX (HO)
 (c:/texlive/2025/texmf-dist/tex/generic/infwarerr/infwarerr.sty
Package: infwarerr 2019/12/03 v1.5 Providing info/warning/error messages (HO)
)
Package pdftexcmds Info: \pdf@primitive is available.
Package pdftexcmds Info: \pdf@ifprimitive is available.
Package pdftexcmds Info: \pdfdraftmode not found.
)) (c:/texlive/2025/texmf-dist/tex/latex/hycolor/hycolor.sty
Package: hycolor 2020-01-27 v1.10 Color options for hyperref/bookmark (HO)
) (c:/texlive/2025/texmf-dist/tex/latex/hyperref/nameref.sty
Package: nameref 2023-11-26 v2.56 Cross-referencing by name of section
 (c:/texlive/2025/texmf-dist/tex/latex/refcount/refcount.sty
Package: refcount 2019/12/15 v3.6 Data extraction from label references (HO)
) (c:/texlive/2025/texmf-dist/tex/generic/gettitlestring/gettitlestring.sty
Package: gettitlestring 2019/12/15 v1.6 Cleanup title references (HO)
 (c:/texlive/2025/texmf-dist/tex/latex/kvoptions/kvoptions.sty
Package: kvoptions 2022-06-15 v3.15 Key value format for package options (HO)
))
\c@section@level=\count293
) (c:/texlive/2025/texmf-dist/tex/latex/etoolbox/etoolbox.sty
Package: etoolbox 2025/02/11 v2.5l e-TeX tools for LaTeX (JAW)
\etb@tempcnta=\count294
) (c:/texlive/2025/texmf-dist/tex/generic/stringenc/stringenc.sty
Package: stringenc 2019/11/29 v1.12 Convert strings between diff. encodings (HO)
)
\@linkdim=\dimen164
\Hy@linkcounter=\count295
\Hy@pagecounter=\count296
 (c:/texlive/2025/texmf-dist/tex/latex/hyperref/pd1enc.def
File: pd1enc.def 2024-11-05 v7.01l Hyperref: PDFDocEncoding definition (HO)
) (c:/texlive/2025/texmf-dist/tex/generic/intcalc/intcalc.sty
Package: intcalc 2019/12/15 v1.3 Expandable calculations with integers (HO)
)
\Hy@SavedSpaceFactor=\count297
 (c:/texlive/2025/texmf-dist/tex/latex/hyperref/puenc.def
File: puenc.def 2024-11-05 v7.01l Hyperref: PDF Unicode definition (HO)
)
Package hyperref Info: Hyper figures OFF on input line 4157.
Package hyperref Info: Link nesting OFF on input line 4162.
Package hyperref Info: Hyper index ON on input line 4165.
Package hyperref Info: Plain pages OFF on input line 4172.
Package hyperref Info: Backreferencing OFF on input line 4177.
Package hyperref Info: Implicit mode ON; LaTeX internals redefined.
Package hyperref Info: Bookmarks ON on input line 4424.
\c@Hy@tempcnt=\count298
 (c:/texlive/2025/texmf-dist/tex/latex/url/url.sty
\Urlmuskip=\muskip17
Package: url 2013/09/16  ver 3.4  Verb mode for urls, etc.
)
LaTeX Info: Redefining \url on input line 4763.
\XeTeXLinkMargin=\dimen165
 (c:/texlive/2025/texmf-dist/tex/generic/bitset/bitset.sty
Package: bitset 2019/12/09 v1.3 Handle bit-vector datatype (HO)
 (c:/texlive/2025/texmf-dist/tex/generic/bigintcalc/bigintcalc.sty
Package: bigintcalc 2019/12/15 v1.5 Expandable calculations on big integers (HO)
))
\Fld@menulength=\count299
\Field@Width=\dimen166
\Fld@charsize=\dimen167
Package hyperref Info: Hyper figures OFF on input line 6042.
Package hyperref Info: Link nesting OFF on input line 6047.
Package hyperref Info: Hyper index ON on input line 6050.
Package hyperref Info: backreferencing OFF on input line 6057.
Package hyperref Info: Link coloring OFF on input line 6062.
Package hyperref Info: Link coloring with OCG OFF on input line 6067.
Package hyperref Info: PDF/A mode OFF on input line 6072.
 (c:/texlive/2025/texmf-dist/tex/latex/base/atbegshi-ltx.sty
Package: atbegshi-ltx 2021/01/10 v1.0c Emulation of the original atbegshi
package with kernel methods
)
\Hy@abspage=\count300
\c@Item=\count301
\c@Hfootnote=\count302
)
Package hyperref Info: Driver (autodetected): hxetex.
 (c:/texlive/2025/texmf-dist/tex/latex/hyperref/hxetex.def
File: hxetex.def 2024-11-05 v7.01l Hyperref driver for XeTeX
\pdfm@box=\box58
\c@Hy@AnnotLevel=\count303
\HyField@AnnotCount=\count304
\Fld@listcount=\count305
\c@bookmark@seq@number=\count306
 (c:/texlive/2025/texmf-dist/tex/latex/rerunfilecheck/rerunfilecheck.sty
Package: rerunfilecheck 2022-07-10 v1.10 Rerun checks for auxiliary files (HO)
 (c:/texlive/2025/texmf-dist/tex/latex/base/atveryend-ltx.sty
Package: atveryend-ltx 2020/08/19 v1.0a Emulation of the original atveryend package
with kernel methods
) (c:/texlive/2025/texmf-dist/tex/generic/uniquecounter/uniquecounter.sty
Package: uniquecounter 2019/12/15 v1.4 Provide unlimited unique counter (HO)
)
Package uniquecounter Info: New unique counter `rerunfilecheck' on input line 285.
)
\Hy@SectionHShift=\skip55
)
Package hyperref Info: Option `colorlinks' set `true' on input line 24.
 (c:/texlive/2025/texmf-dist/tex/latex/amsmath/amsmath.sty
Package: amsmath 2024/11/05 v2.17t AMS math features
\@mathmargin=\skip56

For additional information on amsmath, use the `?' option.
(c:/texlive/2025/texmf-dist/tex/latex/amsmath/amstext.sty
Package: amstext 2021/08/26 v2.01 AMS text
 (c:/texlive/2025/texmf-dist/tex/latex/amsmath/amsgen.sty
File: amsgen.sty 1999/11/30 v2.0 generic functions
\@emptytoks=\toks20
\ex@=\dimen168
)) (c:/texlive/2025/texmf-dist/tex/latex/amsmath/amsbsy.sty
Package: amsbsy 1999/11/29 v1.2d Bold Symbols
\pmbraise@=\dimen169
) (c:/texlive/2025/texmf-dist/tex/latex/amsmath/amsopn.sty
Package: amsopn 2022/04/08 v2.04 operator names
)
\inf@bad=\count307
LaTeX Info: Redefining \frac on input line 233.
\uproot@=\count308
\leftroot@=\count309
LaTeX Info: Redefining \overline on input line 398.
LaTeX Info: Redefining \colon on input line 409.
\classnum@=\count310
\DOTSCASE@=\count311
LaTeX Info: Redefining \ldots on input line 495.
LaTeX Info: Redefining \dots on input line 498.
LaTeX Info: Redefining \cdots on input line 619.
\Mathstrutbox@=\box59
\strutbox@=\box60
LaTeX Info: Redefining \big on input line 721.
LaTeX Info: Redefining \Big on input line 722.
LaTeX Info: Redefining \bigg on input line 723.
LaTeX Info: Redefining \Bigg on input line 724.
\big@size=\dimen170
LaTeX Font Info:    Redeclaring font encoding OML on input line 742.
LaTeX Font Info:    Redeclaring font encoding OMS on input line 743.
\macc@depth=\count312
LaTeX Info: Redefining \bmod on input line 904.
LaTeX Info: Redefining \pmod on input line 909.
LaTeX Info: Redefining \smash on input line 939.
LaTeX Info: Redefining \relbar on input line 969.
LaTeX Info: Redefining \Relbar on input line 970.
\c@MaxMatrixCols=\count313
\dotsspace@=\muskip18
\c@parentequation=\count314
\dspbrk@lvl=\count315
\tag@help=\toks21
\row@=\count316
\column@=\count317
\maxfields@=\count318
\andhelp@=\toks22
\eqnshift@=\dimen171
\alignsep@=\dimen172
\tagshift@=\dimen173
\tagwidth@=\dimen174
\totwidth@=\dimen175
\lineht@=\dimen176
\@envbody=\toks23
\multlinegap=\skip57
\multlinetaggap=\skip58
\mathdisplay@stack=\toks24
LaTeX Info: Redefining \[ on input line 2953.
LaTeX Info: Redefining \] on input line 2954.
) (c:/texlive/2025/texmf-dist/tex/latex/amsfonts/amssymb.sty
Package: amssymb 2013/01/14 v3.01 AMS font symbols
 (c:/texlive/2025/texmf-dist/tex/latex/amsfonts/amsfonts.sty
Package: amsfonts 2013/01/14 v3.01 Basic AMSFonts support
\symAMSa=\mathgroup4
\symAMSb=\mathgroup5
LaTeX Font Info:    Redeclaring math symbol \hbar on input line 98.
LaTeX Font Info:    Overwriting math alphabet `\mathfrak' in version `bold'
(Font)                  U/euf/m/n --> U/euf/b/n on input line 106.
)) (c:/texlive/2025/texmf-dist/tex/latex/amscls/amsthm.sty
Package: amsthm 2020/05/29 v2.20.6
\thm@style=\toks25
\thm@bodyfont=\toks26
\thm@headfont=\toks27
\thm@notefont=\toks28
\thm@headpunct=\toks29
\thm@preskip=\skip59
\thm@postskip=\skip60
\thm@headsep=\skip61
\dth@everypar=\toks30
) (c:/texlive/2025/texmf-dist/tex/latex/tools/array.sty
Package: array 2024/10/17 v2.6g Tabular extension package (FMi)
\col@sep=\dimen177
\ar@mcellbox=\box61
\extrarowheight=\dimen178
\NC@list=\toks31
\extratabsurround=\skip62
\backup@length=\skip63
\ar@cellbox=\box62
) (c:/texlive/2025/texmf-dist/tex/latex/booktabs/booktabs.sty
Package: booktabs 2020/01/12 v1.61803398 Publication quality tables
\heavyrulewidth=\dimen179
\lightrulewidth=\dimen180
\cmidrulewidth=\dimen181
\belowrulesep=\dimen182
\belowbottomsep=\dimen183
\aboverulesep=\dimen184
\abovetopsep=\dimen185
\cmidrulesep=\dimen186
\cmidrulekern=\dimen187
\defaultaddspace=\dimen188
\@cmidla=\count319
\@cmidlb=\count320
\@aboverulesep=\dimen189
\@belowrulesep=\dimen190
\@thisruleclass=\count321
\@lastruleclass=\count322
\@thisrulewidth=\dimen191
) (c:/texlive/2025/texmf-dist/tex/latex/fancyhdr/fancyhdr.sty
Package: fancyhdr 2025/02/07 v5.2 Extensive control of page headers and footers
\f@nch@headwidth=\skip64
\f@nch@offset@elh=\skip65
\f@nch@offset@erh=\skip66
\f@nch@offset@olh=\skip67
\f@nch@offset@orh=\skip68
\f@nch@offset@elf=\skip69
\f@nch@offset@erf=\skip70
\f@nch@offset@olf=\skip71
\f@nch@offset@orf=\skip72
\f@nch@height=\skip73
\f@nch@footalignment=\skip74
\f@nch@widthL=\skip75
\f@nch@widthC=\skip76
\f@nch@widthR=\skip77
\@temptokenb=\toks32
)
\c@theorem=\count323
\c@definition=\count324
 (c:/texlive/2025/texmf-dist/tex/latex/xcolor/xcolor.sty
Package: xcolor 2024/09/29 v3.02 LaTeX color extensions (UK)
 (c:/texlive/2025/texmf-dist/tex/latex/graphics-cfg/color.cfg
File: color.cfg 2016/01/02 v1.6 sample color configuration
)
Package xcolor Info: Driver file: xetex.def on input line 274.
 (c:/texlive/2025/texmf-dist/tex/latex/graphics/mathcolor.ltx)
Package xcolor Info: Model `cmy' substituted by `cmy0' on input line 1349.
Package xcolor Info: Model `RGB' extended on input line 1365.
Package xcolor Info: Model `HTML' substituted by `rgb' on input line 1367.
Package xcolor Info: Model `Hsb' substituted by `hsb' on input line 1368.
Package xcolor Info: Model `tHsb' substituted by `hsb' on input line 1369.
Package xcolor Info: Model `HSB' substituted by `hsb' on input line 1370.
Package xcolor Info: Model `Gray' substituted by `gray' on input line 1371.
Package xcolor Info: Model `wave' substituted by `hsb' on input line 1372.
) (c:/texlive/2025/texmf-dist/tex/latex/listings/listings.sty
\lst@mode=\count325
\lst@gtempboxa=\box63
\lst@token=\toks33
\lst@length=\count326
\lst@currlwidth=\dimen192
\lst@column=\count327
\lst@pos=\count328
\lst@lostspace=\dimen193
\lst@width=\dimen194
\lst@newlines=\count329
\lst@lineno=\count330
\lst@maxwidth=\dimen195
 (c:/texlive/2025/texmf-dist/tex/latex/listings/lstpatch.sty
File: lstpatch.sty 2024/09/23 1.10c (Carsten Heinz)
) (c:/texlive/2025/texmf-dist/tex/latex/listings/lstmisc.sty
File: lstmisc.sty 2024/09/23 1.10c (Carsten Heinz)
\c@lstnumber=\count331
\lst@skipnumbers=\count332
\lst@framebox=\box64
) (c:/texlive/2025/texmf-dist/tex/latex/listings/listings.cfg
File: listings.cfg 2024/09/23 1.10c listings configuration
))
Package: listings 2024/09/23 1.10c (Carsten Heinz)
 (./MCM.aux

LaTeX Warning: Label `code:python' multiply defined.


LaTeX Warning: Label `fig:two_pics' multiply defined.

)
\openout1 = `MCM.aux'.

LaTeX Font Info:    Checking defaults for OML/cmm/m/it on input line 96.
LaTeX Font Info:    ... okay on input line 96.
LaTeX Font Info:    Checking defaults for OMS/cmsy/m/n on input line 96.
LaTeX Font Info:    ... okay on input line 96.
LaTeX Font Info:    Checking defaults for OT1/cmr/m/n on input line 96.
LaTeX Font Info:    ... okay on input line 96.
LaTeX Font Info:    Checking defaults for T1/cmr/m/n on input line 96.
LaTeX Font Info:    ... okay on input line 96.
LaTeX Font Info:    Checking defaults for TS1/cmr/m/n on input line 96.
LaTeX Font Info:    ... okay on input line 96.
LaTeX Font Info:    Checking defaults for TU/lmr/m/n on input line 96.
LaTeX Font Info:    ... okay on input line 96.
LaTeX Font Info:    Checking defaults for OMX/cmex/m/n on input line 96.
LaTeX Font Info:    ... okay on input line 96.
LaTeX Font Info:    Checking defaults for U/cmr/m/n on input line 96.
LaTeX Font Info:    ... okay on input line 96.
LaTeX Font Info:    Checking defaults for PD1/pdf/m/n on input line 96.
LaTeX Font Info:    ... okay on input line 96.
LaTeX Font Info:    Checking defaults for PU/pdf/m/n on input line 96.
LaTeX Font Info:    ... okay on input line 96.

*geometry* driver: auto-detecting
*geometry* detected driver: xetex
*geometry* verbose mode - [ preamble ] result:
* driver: xetex
* paper: <default>
* layout: <same size as paper>
* layoutoffset:(h,v)=(0.0pt,0.0pt)
* modes: 
* h-part:(L,W,R)=(72.26999pt, 487.82251pt, 54.2025pt)
* v-part:(T,H,B)=(72.26999pt, 650.43001pt, 72.26999pt)
* \paperwidth=614.295pt
* \paperheight=794.96999pt
* \textwidth=487.82251pt
* \textheight=650.43001pt
* \oddsidemargin=0.0pt
* \evensidemargin=0.0pt
* \topmargin=-37.0pt
* \headheight=12.0pt
* \headsep=25.0pt
* \topskip=12.0pt
* \footskip=30.0pt
* \marginparwidth=44.0pt
* \marginparsep=10.0pt
* \columnsep=10.0pt
* \skip\footins=10.8pt plus 4.0pt minus 2.0pt
* \hoffset=0.0pt
* \voffset=0.0pt
* \mag=1000
* \@twocolumnfalse
* \@twosidefalse
* \@mparswitchfalse
* \@reversemarginfalse
* (1in=72.27pt=25.4mm, 1cm=28.453pt)

Package caption Info: Begin \AtBeginDocument code.
Package caption Info: hyperref package is loaded.
Package caption Info: listings package is loaded.
Package caption Info: longtable package is loaded.
(c:/texlive/2025/texmf-dist/tex/latex/caption/ltcaption.sty
Package: ltcaption 2021/01/08 v1.4c longtable captions (AR)
)
Package caption Info: End \AtBeginDocument code.

Package fontspec Info: 
(fontspec)             Adjusting the maths setup (use [no-math] to avoid
(fontspec)             this).

\symlegacymaths=\mathgroup6
LaTeX Font Info:    Overwriting symbol font `legacymaths' in version `bold'
(Font)                  OT1/cmr/m/n --> OT1/cmr/bx/n on input line 96.
LaTeX Font Info:    Redeclaring math accent \acute on input line 96.
LaTeX Font Info:    Redeclaring math accent \grave on input line 96.
LaTeX Font Info:    Redeclaring math accent \ddot on input line 96.
LaTeX Font Info:    Redeclaring math accent \tilde on input line 96.
LaTeX Font Info:    Redeclaring math accent \bar on input line 96.
LaTeX Font Info:    Redeclaring math accent \breve on input line 96.
LaTeX Font Info:    Redeclaring math accent \check on input line 96.
LaTeX Font Info:    Redeclaring math accent \hat on input line 96.
LaTeX Font Info:    Redeclaring math accent \dot on input line 96.
LaTeX Font Info:    Redeclaring math accent \mathring on input line 96.
LaTeX Font Info:    Redeclaring math symbol \Gamma on input line 96.
LaTeX Font Info:    Redeclaring math symbol \Delta on input line 96.
LaTeX Font Info:    Redeclaring math symbol \Theta on input line 96.
LaTeX Font Info:    Redeclaring math symbol \Lambda on input line 96.
LaTeX Font Info:    Redeclaring math symbol \Xi on input line 96.
LaTeX Font Info:    Redeclaring math symbol \Pi on input line 96.
LaTeX Font Info:    Redeclaring math symbol \Sigma on input line 96.
LaTeX Font Info:    Redeclaring math symbol \Upsilon on input line 96.
LaTeX Font Info:    Redeclaring math symbol \Phi on input line 96.
LaTeX Font Info:    Redeclaring math symbol \Psi on input line 96.
LaTeX Font Info:    Redeclaring math symbol \Omega on input line 96.
LaTeX Font Info:    Redeclaring math symbol \mathdollar on input line 96.
LaTeX Font Info:    Redeclaring symbol font `operators' on input line 96.
LaTeX Font Info:    Encoding `OT1' has changed to `TU' for symbol font
(Font)              `operators' in the math version `normal' on input line 96.
LaTeX Font Info:    Overwriting symbol font `operators' in version `normal'
(Font)                  OT1/cmr/m/n --> TU/TimesNewRoman(0)/m/n on input line 96.
LaTeX Font Info:    Encoding `OT1' has changed to `TU' for symbol font
(Font)              `operators' in the math version `bold' on input line 96.
LaTeX Font Info:    Overwriting symbol font `operators' in version `bold'
(Font)                  OT1/cmr/bx/n --> TU/TimesNewRoman(0)/m/n on input line 96.
LaTeX Font Info:    Overwriting symbol font `operators' in version `normal'
(Font)                  TU/TimesNewRoman(0)/m/n --> TU/TimesNewRoman(0)/m/n on input line 96.
LaTeX Font Info:    Overwriting math alphabet `\mathit' in version `normal'
(Font)                  OT1/cmr/m/it --> TU/TimesNewRoman(0)/m/it on input line 96.
LaTeX Font Info:    Overwriting math alphabet `\mathbf' in version `normal'
(Font)                  OT1/cmr/bx/n --> TU/TimesNewRoman(0)/b/n on input line 96.
LaTeX Font Info:    Overwriting math alphabet `\mathsf' in version `normal'
(Font)                  OT1/cmss/m/n --> TU/lmss/m/n on input line 96.
LaTeX Font Info:    Overwriting math alphabet `\mathtt' in version `normal'
(Font)                  OT1/cmtt/m/n --> TU/CourierNew(0)/m/n on input line 96.
LaTeX Font Info:    Overwriting symbol font `operators' in version `bold'
(Font)                  TU/TimesNewRoman(0)/m/n --> TU/TimesNewRoman(0)/b/n on input line 96.
LaTeX Font Info:    Overwriting math alphabet `\mathit' in version `bold'
(Font)                  OT1/cmr/bx/it --> TU/TimesNewRoman(0)/b/it on input line 96.
LaTeX Font Info:    Overwriting math alphabet `\mathsf' in version `bold'
(Font)                  OT1/cmss/bx/n --> TU/lmss/b/n on input line 96.
LaTeX Font Info:    Overwriting math alphabet `\mathtt' in version `bold'
(Font)                  OT1/cmtt/m/n --> TU/CourierNew(0)/b/n on input line 96.
Package hyperref Info: Link coloring ON on input line 96.
 (./MCM.out) (./MCM.out)
\@outlinefile=\write3
\openout3 = `MCM.out'.

\c@lstlisting=\count333
LaTeX Font Info:    Trying to load font information for U+msa on input line 109.
 (c:/texlive/2025/texmf-dist/tex/latex/amsfonts/umsa.fd
File: umsa.fd 2013/01/14 v3.01 AMS symbols A
)
LaTeX Font Info:    Trying to load font information for U+msb on input line 109.
 (c:/texlive/2025/texmf-dist/tex/latex/amsfonts/umsb.fd
File: umsb.fd 2013/01/14 v3.01 AMS symbols B
)

[1

] (./MCM.toc)
\tf@toc=\write4
\openout4 = `MCM.toc'.




Package fancyhdr Warning: \headheight is too small (12.0pt): 
(fancyhdr)                Make it at least 14.49998pt, for example:
(fancyhdr)                \setlength{\headheight}{14.49998pt}.
(fancyhdr)                You might also make \topmargin smaller:
(fancyhdr)                \addtolength{\topmargin}{-2.49998pt}.

[2

] (c:/texlive/2025/texmf-dist/tex/latex/listings/lstlang1.sty
File: lstlang1.sty 2024/09/23 1.10c listings language file
)
Package hyperref Info: bookmark level for unknown lstlisting defaults to 0 on input line 131.

Missing character: There is no 真 (U+771F) in font Courier New/OT:script=latn;language=dflt;!
Missing character: There is no 实 (U+5B9E) in font Courier New/OT:script=latn;language=dflt;!
Missing character: There is no 地 (U+5730) in font Courier New/OT:script=latn;language=dflt;!
Missing character: There is no 址 (U+5740) in font Courier New/OT:script=latn;language=dflt;!
Missing character: There is no ： (U+FF1A) in font Courier New/OT:script=latn;language=dflt;!
Missing character: There is no 世 (U+4E16) in font Courier New/OT:script=latn;language=dflt;!
Missing character: There is no 界 (U+754C) in font Courier New/OT:script=latn;language=dflt;!
Missing character: There is no 银 (U+94F6) in font Courier New/OT:script=latn;language=dflt;!
Missing character: There is no 行 (U+884C) in font Courier New/OT:script=latn;language=dflt;!
Missing character: There is no 教 (U+6559) in font Courier New/OT:script=latn;language=dflt;!
Missing character: There is no 育 (U+80B2) in font Courier New/OT:script=latn;language=dflt;!
Missing character: There is no 数 (U+6570) in font Courier New/OT:script=latn;language=dflt;!
Missing character: There is no 据 (U+636E) in font Courier New/OT:script=latn;language=dflt;!
Missing character: There is no （ (U+FF08) in font Courier New/OT:script=latn;language=dflt;!
Missing character: There is no 学 (U+5B66) in font Courier New/OT:script=latn;language=dflt;!
Missing character: There is no 生 (U+751F) in font Courier New/OT:script=latn;language=dflt;!
Missing character: There is no 学 (U+5B66) in font Courier New/OT:script=latn;language=dflt;!
Missing character: There is no 习 (U+4E60) in font Courier New/OT:script=latn;language=dflt;!
Missing character: There is no 时 (U+65F6) in font Courier New/OT:script=latn;language=dflt;!
Missing character: There is no 长 (U+957F) in font Courier New/OT:script=latn;language=dflt;!
Missing character: There is no 相 (U+76F8) in font Courier New/OT:script=latn;language=dflt;!
Missing character: There is no 关 (U+5173) in font Courier New/OT:script=latn;language=dflt;!
Missing character: There is no ） (U+FF09) in font Courier New/OT:script=latn;language=dflt;!
LaTeX Font Info:    Font shape `TU/CourierNew(0)/m/sl' in size <12> not available
(Font)              Font shape `TU/CourierNew(0)/m/it' tried instead on input line 136.
Missing character: There is no 调 (U+8C03) in font Courier New/OT:script=latn;language=dflt;!
Missing character: There is no 用 (U+7528) in font Courier New/OT:script=latn;language=dflt;!
Missing character: There is no （ (U+FF08) in font Courier New/OT:script=latn;language=dflt;!
Missing character: There is no 世 (U+4E16) in font Courier New/OT:script=latn;language=dflt;!
Missing character: There is no 界 (U+754C) in font Courier New/OT:script=latn;language=dflt;!
Missing character: There is no 银 (U+94F6) in font Courier New/OT:script=latn;language=dflt;!
Missing character: There is no 行 (U+884C) in font Courier New/OT:script=latn;language=dflt;!
Missing character: There is no 需 (U+9700) in font Courier New/OT:script=latn;language=dflt;!
Missing character: There is no 要 (U+8981) in font Courier New/OT:script=latn;language=dflt;!
Missing character: There is no 加 (U+52A0) in font Courier New/OT:script=latn;language=dflt;!
Missing character: There is no 个 (U+4E2A) in font Courier New/OT:script=latn;language=dflt;!
Missing character: There is no 参 (U+53C2) in font Courier New/OT:script=latn;language=dflt;!
Missing character: There is no 数 (U+6570) in font Courier New/OT:script=latn;language=dflt;!
Missing character: There is no 指 (U+6307) in font Courier New/OT:script=latn;language=dflt;!
Missing character: There is no 定 (U+5B9A) in font Courier New/OT:script=latn;language=dflt;!
Missing character: There is no 语 (U+8BED) in font Courier New/OT:script=latn;language=dflt;!
Missing character: There is no 言 (U+8A00) in font Courier New/OT:script=latn;language=dflt;!
Missing character: There is no ） (U+FF09) in font Courier New/OT:script=latn;language=dflt;!
Missing character: There is no 提 (U+63D0) in font Courier New/OT:script=latn;language=dflt;!
Missing character: There is no 取 (U+53D6) in font Courier New/OT:script=latn;language=dflt;!
Missing character: There is no 数 (U+6570) in font Courier New/OT:script=latn;language=dflt;!
Missing character: There is no 据 (U+636E) in font Courier New/OT:script=latn;language=dflt;!
Missing character: There is no 部 (U+90E8) in font Courier New/OT:script=latn;language=dflt;!
Missing character: There is no 分 (U+5206) in font Courier New/OT:script=latn;language=dflt;!
Missing character: There is no 整 (U+6574) in font Courier New/OT:script=latn;language=dflt;!
Missing character: There is no 理 (U+7406) in font Courier New/OT:script=latn;language=dflt;!
Missing character: There is no 成 (U+6210) in font Courier New/OT:script=latn;language=dflt;!
Missing character: There is no 表 (U+8868) in font Courier New/OT:script=latn;language=dflt;!
Missing character: There is no 格 (U+683C) in font Courier New/OT:script=latn;language=dflt;!
Missing character: There is no ， (U+FF0C) in font Courier New/OT:script=latn;language=dflt;!
Missing character: There is no 保 (U+4FDD) in font Courier New/OT:script=latn;language=dflt;!
Missing character: There is no 存 (U+5B58) in font Courier New/OT:script=latn;language=dflt;!
Missing character: There is no 为 (U+4E3A) in font Courier New/OT:script=latn;language=dflt;!
Missing character: There is no （ (U+FF08) in font Courier New/OT:script=latn;language=dflt;!
Missing character: There is no 美 (U+7F8E) in font Courier New/OT:script=latn;language=dflt;!
Missing character: There is no 赛 (U+8D5B) in font Courier New/OT:script=latn;language=dflt;!
Missing character: There is no 直 (U+76F4) in font Courier New/OT:script=latn;language=dflt;!
Missing character: There is no 接 (U+63A5) in font Courier New/OT:script=latn;language=dflt;!
Missing character: There is no 用 (U+7528) in font Courier New/OT:script=latn;language=dflt;!
Missing character: There is no ） (U+FF09) in font Courier New/OT:script=latn;language=dflt;!
Missing character: There is no 只 (U+53EA) in font Courier New/OT:script=latn;language=dflt;!
Missing character: There is no 保 (U+4FDD) in font Courier New/OT:script=latn;language=dflt;!
Missing character: There is no 留 (U+7559) in font Courier New/OT:script=latn;language=dflt;!
Missing character: There is no 核 (U+6838) in font Courier New/OT:script=latn;language=dflt;!
Missing character: There is no 心 (U+5FC3) in font Courier New/OT:script=latn;language=dflt;!
Missing character: There is no 列 (U+5217) in font Courier New/OT:script=latn;language=dflt;!
Missing character: There is no 国 (U+56FD) in font Courier New/OT:script=latn;language=dflt;!
Missing character: There is no 家 (U+5BB6) in font Courier New/OT:script=latn;language=dflt;!
Missing character: There is no 代 (U+4EE3) in font Courier New/OT:script=latn;language=dflt;!
Missing character: There is no 码 (U+7801) in font Courier New/OT:script=latn;language=dflt;!
Missing character: There is no 年 (U+5E74) in font Courier New/OT:script=latn;language=dflt;!
Missing character: There is no 份 (U+4EFD) in font Courier New/OT:script=latn;language=dflt;!
Missing character: There is no 教 (U+6559) in font Courier New/OT:script=latn;language=dflt;!
Missing character: There is no 育 (U+80B2) in font Courier New/OT:script=latn;language=dflt;!
Missing character: There is no 投 (U+6295) in font Courier New/OT:script=latn;language=dflt;!
Missing character: There is no 入 (U+5165) in font Courier New/OT:script=latn;language=dflt;!
Missing character: There is no 占 (U+5360) in font Courier New/OT:script=latn;language=dflt;!
Missing character: There is no 比 (U+6BD4) in font Courier New/OT:script=latn;language=dflt;!
Missing character: There is no 例 (U+4F8B) in font Courier New/OT:script=latn;language=dflt;!
Missing character: There is no 重 (U+91CD) in font Courier New/OT:script=latn;language=dflt;!
Missing character: There is no 命 (U+547D) in font Courier New/OT:script=latn;language=dflt;!
Missing character: There is no 名 (U+540D) in font Courier New/OT:script=latn;language=dflt;!
Missing character: There is no 列 (U+5217) in font Courier New/OT:script=latn;language=dflt;!
Missing character: There is no （ (U+FF08) in font Courier New/OT:script=latn;language=dflt;!
Missing character: There is no 方 (U+65B9) in font Courier New/OT:script=latn;language=dflt;!
Missing character: There is no 便 (U+4FBF) in font Courier New/OT:script=latn;language=dflt;!
Missing character: There is no 你 (U+4F60) in font Courier New/OT:script=latn;language=dflt;!
Missing character: There is no 看 (U+770B) in font Courier New/OT:script=latn;language=dflt;!
Missing character: There is no ） (U+FF09) in font Courier New/OT:script=latn;language=dflt;!
Missing character: There is no 美 (U+7F8E) in font Courier New/OT:script=latn;language=dflt;!
Missing character: There is no 赛 (U+8D5B) in font Courier New/OT:script=latn;language=dflt;!
Missing character: There is no 世 (U+4E16) in font Courier New/OT:script=latn;language=dflt;!
Missing character: There is no 界 (U+754C) in font Courier New/OT:script=latn;language=dflt;!
Missing character: There is no 银 (U+94F6) in font Courier New/OT:script=latn;language=dflt;!
Missing character: There is no 行 (U+884C) in font Courier New/OT:script=latn;language=dflt;!
Missing character: There is no 教 (U+6559) in font Courier New/OT:script=latn;language=dflt;!
Missing character: There is no 育 (U+80B2) in font Courier New/OT:script=latn;language=dflt;!
Missing character: There is no 数 (U+6570) in font Courier New/OT:script=latn;language=dflt;!
Missing character: There is no 据 (U+636E) in font Courier New/OT:script=latn;language=dflt;!
Missing character: There is no 数 (U+6570) in font Courier New/OT:script=latn;language=dflt;!
Missing character: There is no 据 (U+636E) in font Courier New/OT:script=latn;language=dflt;!
Missing character: There is no 获 (U+83B7) in font Courier New/OT:script=latn;language=dflt;!
Missing character: There is no 取 (U+53D6) in font Courier New/OT:script=latn;language=dflt;!
Missing character: There is no 成 (U+6210) in font Courier New/OT:script=latn;language=dflt;!
Missing character: There is no 功 (U+529F) in font Courier New/OT:script=latn;language=dflt;!
Missing character: There is no ！ (U+FF01) in font Courier New/OT:script=latn;language=dflt;!
Missing character: There is no 已 (U+5DF2) in font Courier New/OT:script=latn;language=dflt;!
Missing character: There is no 保 (U+4FDD) in font Courier New/OT:script=latn;language=dflt;!
Missing character: There is no 存 (U+5B58) in font Courier New/OT:script=latn;language=dflt;!
Missing character: There is no 为 (U+4E3A) in font Courier New/OT:script=latn;language=dflt;!
Missing character: There is no 文 (U+6587) in font Courier New/OT:script=latn;language=dflt;!
Missing character: There is no 件 (U+4EF6) in font Courier New/OT:script=latn;language=dflt;!
Missing character: There is no 线 (U+7EBF) in font Courier New/OT:script=latn;language=dflt;!
Missing character: There is no 性 (U+6027) in font Courier New/OT:script=latn;language=dflt;!
Missing character: There is no 插 (U+63D2) in font Courier New/OT:script=latn;language=dflt;!
Missing character: There is no 值 (U+503C) in font Courier New/OT:script=latn;language=dflt;!
Missing character: There is no 三 (U+4E09) in font Courier New/OT:script=latn;language=dflt;!
Missing character: There is no 次 (U+6B21) in font Courier New/OT:script=latn;language=dflt;!
Missing character: There is no 样 (U+6837) in font Courier New/OT:script=latn;language=dflt;!
Missing character: There is no 条 (U+6761) in font Courier New/OT:script=latn;language=dflt;!
Missing character: There is no 插 (U+63D2) in font Courier New/OT:script=latn;language=dflt;!
Missing character: There is no 值 (U+503C) in font Courier New/OT:script=latn;language=dflt;!
Missing character: There is no 对 (U+5BF9) in font Courier New/OT:script=latn;language=dflt;!
Missing character: There is no 超 (U+8D85) in font Courier New/OT:script=latn;language=dflt;!
Missing character: There is no 出 (U+51FA) in font Courier New/OT:script=latn;language=dflt;!
Missing character: There is no 数 (U+6570) in font Courier New/OT:script=latn;language=dflt;!
Missing character: There is no 据 (U+636E) in font Courier New/OT:script=latn;language=dflt;!
Missing character: There is no 范 (U+8303) in font Courier New/OT:script=latn;language=dflt;!
Missing character: There is no 围 (U+56F4) in font Courier New/OT:script=latn;language=dflt;!
Missing character: There is no 的 (U+7684) in font Courier New/OT:script=latn;language=dflt;!
Missing character: There is no 插 (U+63D2) in font Courier New/OT:script=latn;language=dflt;!
Missing character: There is no 值 (U+503C) in font Courier New/OT:script=latn;language=dflt;!
Missing character: There is no 运 (U+8FD0) in font Courier New/OT:script=latn;language=dflt;!
Missing character: There is no 算 (U+7B97) in font Courier New/OT:script=latn;language=dflt;!
Missing character: There is no 使 (U+4F7F) in font Courier New/OT:script=latn;language=dflt;!
Missing character: There is no 用 (U+7528) in font Courier New/OT:script=latn;language=dflt;!
Missing character: There is no 外 (U+5916) in font Courier New/OT:script=latn;language=dflt;!
Missing character: There is no 推 (U+63A8) in font Courier New/OT:script=latn;language=dflt;!
Missing character: There is no 方 (U+65B9) in font Courier New/OT:script=latn;language=dflt;!
Missing character: There is no 法 (U+6CD5) in font Courier New/OT:script=latn;language=dflt;!
Missing character: There is no 三 (U+4E09) in font Courier New/OT:script=latn;language=dflt;!
Missing character: There is no 次 (U+6B21) in font Courier New/OT:script=latn;language=dflt;!
Missing character: There is no 多 (U+591A) in font Courier New/OT:script=latn;language=dflt;!
Missing character: There is no 项 (U+9879) in font Courier New/OT:script=latn;language=dflt;!
Missing character: There is no 式 (U+5F0F) in font Courier New/OT:script=latn;language=dflt;!
Missing character: There is no 插 (U+63D2) in font Courier New/OT:script=latn;language=dflt;!
Missing character: There is no 值 (U+503C) in font Courier New/OT:script=latn;language=dflt;!
Missing character: There is no 线 (U+7EBF) in font Courier New/OT:script=latn;language=dflt;!
Missing character: There is no 性 (U+6027) in font Courier New/OT:script=latn;language=dflt;!
Missing character: There is no 插 (U+63D2) in font Courier New/OT:script=latn;language=dflt;!
Missing character: There is no 值 (U+503C) in font Courier New/OT:script=latn;language=dflt;!
Missing character: There is no 三 (U+4E09) in font Courier New/OT:script=latn;language=dflt;!
Missing character: There is no 次 (U+6B21) in font Courier New/OT:script=latn;language=dflt;!
Missing character: There is no 样 (U+6837) in font Courier New/OT:script=latn;language=dflt;!
Missing character: There is no 条 (U+6761) in font Courier New/OT:script=latn;language=dflt;!
Missing character: There is no 插 (U+63D2) in font Courier New/OT:script=latn;language=dflt;!
Missing character: There is no 值 (U+503C) in font Courier New/OT:script=latn;language=dflt;!
Missing character: There is no 三 (U+4E09) in font Courier New/OT:script=latn;language=dflt;!
Missing character: There is no 次 (U+6B21) in font Courier New/OT:script=latn;language=dflt;!
Missing character: There is no 样 (U+6837) in font Courier New/OT:script=latn;language=dflt;!
Missing character: There is no 条 (U+6761) in font Courier New/OT:script=latn;language=dflt;!
Missing character: There is no 插 (U+63D2) in font Courier New/OT:script=latn;language=dflt;!
Missing character: There is no 值 (U+503C) in font Courier New/OT:script=latn;language=dflt;!
Missing character: There is no 的 (U+7684) in font Courier New/OT:script=latn;language=dflt;!
Missing character: There is no 另 (U+53E6) in font Courier New/OT:script=latn;language=dflt;!
Missing character: There is no 一 (U+4E00) in font Courier New/OT:script=latn;language=dflt;!
Missing character: There is no 种 (U+79CD) in font Courier New/OT:script=latn;language=dflt;!
Missing character: There is no 计 (U+8BA1) in font Courier New/OT:script=latn;language=dflt;!
Missing character: There is no 算 (U+7B97) in font Courier New/OT:script=latn;language=dflt;!
Missing character: There is no 方 (U+65B9) in font Courier New/OT:script=latn;language=dflt;!
Missing character: There is no 式 (U+5F0F) in font Courier New/OT:script=latn;language=dflt;!
Missing character: There is no 函 (U+51FD) in font Courier New/OT:script=latn;language=dflt;!
Missing character: There is no 数 (U+6570) in font Courier New/OT:script=latn;language=dflt;!
Missing character: There is no 计 (U+8BA1) in font Courier New/OT:script=latn;language=dflt;!
Missing character: There is no 算 (U+7B97) in font Courier New/OT:script=latn;language=dflt;!
Missing character: There is no 函 (U+51FD) in font Courier New/OT:script=latn;language=dflt;!
Missing character: There is no 数 (U+6570) in font Courier New/OT:script=latn;language=dflt;!
Missing character: There is no 的 (U+7684) in font Courier New/OT:script=latn;language=dflt;!
Missing character: There is no 导 (U+5BFC) in font Courier New/OT:script=latn;language=dflt;!
Missing character: There is no 数 (U+6570) in font Courier New/OT:script=latn;language=dflt;!
Missing character: There is no 计 (U+8BA1) in font Courier New/OT:script=latn;language=dflt;!
Missing character: There is no 算 (U+7B97) in font Courier New/OT:script=latn;language=dflt;!
Missing character: There is no 函 (U+51FD) in font Courier New/OT:script=latn;language=dflt;!
Missing character: There is no 数 (U+6570) in font Courier New/OT:script=latn;language=dflt;!
Missing character: There is no 的 (U+7684) in font Courier New/OT:script=latn;language=dflt;!
Missing character: There is no 积 (U+79EF) in font Courier New/OT:script=latn;language=dflt;!
Missing character: There is no 分 (U+5206) in font Courier New/OT:script=latn;language=dflt;!
Missing character: There is no 计 (U+8BA1) in font Courier New/OT:script=latn;language=dflt;!
Missing character: There is no 算 (U+7B97) in font Courier New/OT:script=latn;language=dflt;!
Missing character: There is no 函 (U+51FD) in font Courier New/OT:script=latn;language=dflt;!
Missing character: There is no 数 (U+6570) in font Courier New/OT:script=latn;language=dflt;!
Missing character: There is no 的 (U+7684) in font Courier New/OT:script=latn;language=dflt;!
Missing character: There is no 函 (U+51FD) in font Courier New/OT:script=latn;language=dflt;!
Missing character: There is no 数 (U+6570) in font Courier New/OT:script=latn;language=dflt;!
Missing character: There is no 值 (U+503C) in font Courier New/OT:script=latn;language=dflt;!



Package fancyhdr Warning: \headheight is too small (12.0pt): 
(fancyhdr)                Make it at least 14.49998pt, for example:
(fancyhdr)                \setlength{\headheight}{14.49998pt}.
(fancyhdr)                You might also make \topmargin smaller:
(fancyhdr)                \addtolength{\topmargin}{-2.49998pt}.

[1] (./爬虫.py
Missing character: There is no 要 (U+8981) in font Courier New/OT:script=latn;language=dflt;!
Missing character: There is no 爬 (U+722C) in font Courier New/OT:script=latn;language=dflt;!
Missing character: There is no 的 (U+7684) in font Courier New/OT:script=latn;language=dflt;!
Missing character: There is no 网 (U+7F51) in font Courier New/OT:script=latn;language=dflt;!
Missing character: There is no 页 (U+9875) in font Courier New/OT:script=latn;language=dflt;!
Missing character: There is no 地 (U+5730) in font Courier New/OT:script=latn;language=dflt;!
Missing character: There is no 址 (U+5740) in font Courier New/OT:script=latn;language=dflt;!
Missing character: There is no （ (U+FF08) in font Courier New/OT:script=latn;language=dflt;!
Missing character: There is no 公 (U+516C) in font Courier New/OT:script=latn;language=dflt;!
Missing character: There is no 开 (U+5F00) in font Courier New/OT:script=latn;language=dflt;!
Missing character: There is no 的 (U+7684) in font Courier New/OT:script=latn;language=dflt;!
Missing character: There is no 教 (U+6559) in font Courier New/OT:script=latn;language=dflt;!
Missing character: There is no 育 (U+80B2) in font Courier New/OT:script=latn;language=dflt;!
Missing character: There is no 统 (U+7EDF) in font Courier New/OT:script=latn;language=dflt;!
Missing character: There is no 计 (U+8BA1) in font Courier New/OT:script=latn;language=dflt;!
Missing character: There is no 网 (U+7F51) in font Courier New/OT:script=latn;language=dflt;!
Missing character: There is no 页 (U+9875) in font Courier New/OT:script=latn;language=dflt;!
Missing character: There is no ， (U+FF0C) in font Courier New/OT:script=latn;language=dflt;!
Missing character: There is no 可 (U+53EF) in font Courier New/OT:script=latn;language=dflt;!
Missing character: There is no 替 (U+66FF) in font Courier New/OT:script=latn;language=dflt;!
Missing character: There is no 换 (U+6362) in font Courier New/OT:script=latn;language=dflt;!
Missing character: There is no ） (U+FF09) in font Courier New/OT:script=latn;language=dflt;!
Missing character: There is no 爬 (U+722C) in font Courier New/OT:script=latn;language=dflt;!
Missing character: There is no 取 (U+53D6) in font Courier New/OT:script=latn;language=dflt;!
Missing character: There is no 网 (U+7F51) in font Courier New/OT:script=latn;language=dflt;!
Missing character: There is no 页 (U+9875) in font Courier New/OT:script=latn;language=dflt;!
Missing character: There is no 数 (U+6570) in font Courier New/OT:script=latn;language=dflt;!
Missing character: There is no 据 (U+636E) in font Courier New/OT:script=latn;language=dflt;!
Missing character: There is no 提 (U+63D0) in font Courier New/OT:script=latn;language=dflt;!
Missing character: There is no 取 (U+53D6) in font Courier New/OT:script=latn;language=dflt;!
Missing character: There is no 网 (U+7F51) in font Courier New/OT:script=latn;language=dflt;!
Missing character: There is no 页 (U+9875) in font Courier New/OT:script=latn;language=dflt;!
Missing character: There is no 里 (U+91CC) in font Courier New/OT:script=latn;language=dflt;!
Missing character: There is no 的 (U+7684) in font Courier New/OT:script=latn;language=dflt;!
Missing character: There is no 表 (U+8868) in font Courier New/OT:script=latn;language=dflt;!
Missing character: There is no 格 (U+683C) in font Courier New/OT:script=latn;language=dflt;!
Missing character: There is no 数 (U+6570) in font Courier New/OT:script=latn;language=dflt;!
Missing character: There is no 据 (U+636E) in font Courier New/OT:script=latn;language=dflt;!
Missing character: There is no （ (U+FF08) in font Courier New/OT:script=latn;language=dflt;!
Missing character: There is no 美 (U+7F8E) in font Courier New/OT:script=latn;language=dflt;!
Missing character: There is no 赛 (U+8D5B) in font Courier New/OT:script=latn;language=dflt;!
Missing character: There is no 是 (U+662F) in font Courier New/OT:script=latn;language=dflt;!
Missing character: There is no 表 (U+8868) in font Courier New/OT:script=latn;language=dflt;!
Missing character: There is no 格 (U+683C) in font Courier New/OT:script=latn;language=dflt;!
Missing character: There is no 数 (U+6570) in font Courier New/OT:script=latn;language=dflt;!
Missing character: There is no 据 (U+636E) in font Courier New/OT:script=latn;language=dflt;!
Missing character: There is no ） (U+FF09) in font Courier New/OT:script=latn;language=dflt;!
Missing character: There is no 整 (U+6574) in font Courier New/OT:script=latn;language=dflt;!
Missing character: There is no 理 (U+7406) in font Courier New/OT:script=latn;language=dflt;!
Missing character: There is no 成 (U+6210) in font Courier New/OT:script=latn;language=dflt;!
Missing character: There is no 表 (U+8868) in font Courier New/OT:script=latn;language=dflt;!
Missing character: There is no 格 (U+683C) in font Courier New/OT:script=latn;language=dflt;!
Missing character: There is no ， (U+FF0C) in font Courier New/OT:script=latn;language=dflt;!
Missing character: There is no 保 (U+4FDD) in font Courier New/OT:script=latn;language=dflt;!
Missing character: There is no 存 (U+5B58) in font Courier New/OT:script=latn;language=dflt;!
Missing character: There is no 为 (U+4E3A) in font Courier New/OT:script=latn;language=dflt;!
Missing character: There is no 美 (U+7F8E) in font Courier New/OT:script=latn;language=dflt;!
Missing character: There is no 赛 (U+8D5B) in font Courier New/OT:script=latn;language=dflt;!
Missing character: There is no 爬 (U+722C) in font Courier New/OT:script=latn;language=dflt;!
Missing character: There is no 虫 (U+866B) in font Courier New/OT:script=latn;language=dflt;!
Missing character: There is no 学 (U+5B66) in font Courier New/OT:script=latn;language=dflt;!
Missing character: There is no 习 (U+4E60) in font Courier New/OT:script=latn;language=dflt;!
Missing character: There is no 时 (U+65F6) in font Courier New/OT:script=latn;language=dflt;!
Missing character: There is no 长 (U+957F) in font Courier New/OT:script=latn;language=dflt;!
Missing character: There is no 数 (U+6570) in font Courier New/OT:script=latn;language=dflt;!
Missing character: There is no 据 (U+636E) in font Courier New/OT:script=latn;language=dflt;!
Missing character: There is no 爬 (U+722C) in font Courier New/OT:script=latn;language=dflt;!
Missing character: There is no 虫 (U+866B) in font Courier New/OT:script=latn;language=dflt;!
Missing character: There is no 数 (U+6570) in font Courier New/OT:script=latn;language=dflt;!
Missing character: There is no 据 (U+636E) in font Courier New/OT:script=latn;language=dflt;!
Missing character: There is no 爬 (U+722C) in font Courier New/OT:script=latn;language=dflt;!
Missing character: There is no 取 (U+53D6) in font Courier New/OT:script=latn;language=dflt;!
Missing character: There is no 完 (U+5B8C) in font Courier New/OT:script=latn;language=dflt;!
Missing character: There is no 成 (U+6210) in font Courier New/OT:script=latn;language=dflt;!
Missing character: There is no ！ (U+FF01) in font Courier New/OT:script=latn;language=dflt;!
Missing character: There is no 已 (U+5DF2) in font Courier New/OT:script=latn;language=dflt;!
Missing character: There is no 保 (U+4FDD) in font Courier New/OT:script=latn;language=dflt;!
Missing character: There is no 存 (U+5B58) in font Courier New/OT:script=latn;language=dflt;!
Missing character: There is no 为 (U+4E3A) in font Courier New/OT:script=latn;language=dflt;!
Missing character: There is no 文 (U+6587) in font Courier New/OT:script=latn;language=dflt;!
Missing character: There is no 件 (U+4EF6) in font Courier New/OT:script=latn;language=dflt;!
)
Underfull \hbox (badness 10000) in paragraph at lines 179--183

 []


Package fancyhdr Warning: \headheight is too small (12.0pt): 
(fancyhdr)                Make it at least 14.49998pt, for example:
(fancyhdr)                \setlength{\headheight}{14.49998pt}.
(fancyhdr)                You might also make \topmargin smaller:
(fancyhdr)                \addtolength{\topmargin}{-2.49998pt}.

[2]
File: piano.jpg Graphic file (type bmp)
<piano.jpg>


Package caption Warning: The option `hypcap=true' will be ignored for this
(caption)                particular \caption on input line 227.
See the caption package documentation for explanation.

File: piano.jpg Graphic file (type bmp)
<piano.jpg>
File: piano.jpg Graphic file (type bmp)
<piano.jpg>
File: piano.jpg Graphic file (type bmp)
<piano.jpg>
File: piano.jpg Graphic file (type bmp)
<piano.jpg>
File: piano.jpg Graphic file (type bmp)
<piano.jpg>
File: piano.jpg Graphic file (type bmp)
<piano.jpg>

Package caption Warning: The option `hypcap=true' will be ignored for this
(caption)                particular \caption on input line 281.
See the caption package documentation for explanation.




Package fancyhdr Warning: \headheight is too small (12.0pt): 
(fancyhdr)                Make it at least 14.49998pt, for example:
(fancyhdr)                \setlength{\headheight}{14.49998pt}.
(fancyhdr)                You might also make \topmargin smaller:
(fancyhdr)                \addtolength{\topmargin}{-2.49998pt}.

[3]


Package fancyhdr Warning: \headheight is too small (12.0pt): 
(fancyhdr)                Make it at least 14.49998pt, for example:
(fancyhdr)                \setlength{\headheight}{14.49998pt}.
(fancyhdr)                You might also make \topmargin smaller:
(fancyhdr)                \addtolength{\topmargin}{-2.49998pt}.

[4] 
enddocument/afterlastpage (AED): lastpage setting LastPage.
(./MCM.aux)
 ***********
LaTeX2e <2024-11-01> patch level 2
L3 programming layer <2025-01-18>
 ***********


LaTeX Warning: There were multiply-defined labels.

Package rerunfilecheck Info: File `MCM.out' has not changed.
(rerunfilecheck)             Checksum: 6ED7DEB7AA4EA1BD25DB2D73FC200ACC;88.
 ) 
Here is how much of TeX's memory you used:
 16547 strings out of 475796
 308604 string characters out of 5774033
 1076963 words of memory out of 5000000
 39259 multiletter control sequences out of 15000+600000
 564090 words of font info for 86 fonts, out of 8000000 for 9000
 36 hyphenation exceptions out of 8191
 79i,12n,93p,575b,1206s stack positions out of 10000i,1000n,20000p,200000b,200000s

Output written on MCM.pdf (6 pages).
